{"C:\\Users\\PC\\Desktop\\Redux\\redux-starter\\src\\math.js": {"path":"C:\\Users\\PC\\Desktop\\Redux\\redux-starter\\src\\math.js","statementMap":{"0":{"start":{"line":1,"column":22},"end":{"line":1,"column":48}},"1":{"start":{"line":1,"column":32},"end":{"line":1,"column":48}}},"fnMap":{"0":{"name":"(anonymous_0)","decl":{"start":{"line":1,"column":22},"end":{"line":1,"column":23}},"loc":{"start":{"line":1,"column":32},"end":{"line":1,"column":48}},"line":1}},"branchMap":{},"s":{"0":1,"1":2},"f":{"0":2},"b":{},"_coverageSchema":"1a1c01bbd47fc00a2c39e90264f33305004495a9","hash":"ed6ef0d1bfd406ca41a526fea862c543a840e780"}
,"C:\\Users\\PC\\Desktop\\Redux\\redux-starter\\src\\store\\api.js": {"path":"C:\\Users\\PC\\Desktop\\Redux\\redux-starter\\src\\store\\api.js","statementMap":{"0":{"start":{"line":3,"column":28},"end":{"line":3,"column":56}},"1":{"start":{"line":4,"column":30},"end":{"line":4,"column":60}},"2":{"start":{"line":5,"column":29},"end":{"line":5,"column":58}}},"fnMap":{},"branchMap":{},"s":{"0":1,"1":1,"2":1},"f":{},"b":{},"_coverageSchema":"1a1c01bbd47fc00a2c39e90264f33305004495a9","hash":"de6b1e84d130e3681a619ca9e58cbe66925fa35e"}
,"C:\\Users\\PC\\Desktop\\Redux\\redux-starter\\src\\store\\bugs.js": {"path":"C:\\Users\\PC\\Desktop\\Redux\\redux-starter\\src\\store\\bugs.js","statementMap":{"0":{"start":{"line":6,"column":14},"end":{"line":48,"column":2}},"1":{"start":{"line":16,"column":12},"end":{"line":16,"column":32}},"2":{"start":{"line":19,"column":12},"end":{"line":19,"column":32}},"3":{"start":{"line":22,"column":12},"end":{"line":22,"column":38}},"4":{"start":{"line":23,"column":12},"end":{"line":23,"column":33}},"5":{"start":{"line":24,"column":12},"end":{"line":24,"column":40}},"6":{"start":{"line":27,"column":42},"end":{"line":27,"column":56}},"7":{"start":{"line":28,"column":26},"end":{"line":28,"column":70}},"8":{"start":{"line":28,"column":53},"end":{"line":28,"column":69}},"9":{"start":{"line":29,"column":12},"end":{"line":29,"column":45}},"10":{"start":{"line":33,"column":12},"end":{"line":33,"column":43}},"11":{"start":{"line":37,"column":26},"end":{"line":37,"column":82}},"12":{"start":{"line":37,"column":53},"end":{"line":37,"column":81}},"13":{"start":{"line":38,"column":12},"end":{"line":38,"column":42}},"14":{"start":{"line":43,"column":26},"end":{"line":43,"column":82}},"15":{"start":{"line":43,"column":53},"end":{"line":43,"column":81}},"16":{"start":{"line":44,"column":12},"end":{"line":44,"column":45}},"17":{"start":{"line":58,"column":5},"end":{"line":58,"column":18}},"18":{"start":{"line":61,"column":12},"end":{"line":61,"column":19}},"19":{"start":{"line":63,"column":24},"end":{"line":80,"column":1}},"20":{"start":{"line":63,"column":30},"end":{"line":80,"column":1}},"21":{"start":{"line":64,"column":26},"end":{"line":64,"column":50}},"22":{"start":{"line":66,"column":4},"end":{"line":66,"column":26}},"23":{"start":{"line":68,"column":26},"end":{"line":68,"column":69}},"24":{"start":{"line":70,"column":4},"end":{"line":70,"column":36}},"25":{"start":{"line":70,"column":29},"end":{"line":70,"column":36}},"26":{"start":{"line":72,"column":4},"end":{"line":79,"column":5}},"27":{"start":{"line":82,"column":23},"end":{"line":87,"column":2}},"28":{"start":{"line":82,"column":30},"end":{"line":87,"column":2}},"29":{"start":{"line":89,"column":26},"end":{"line":94,"column":2}},"30":{"start":{"line":89,"column":32},"end":{"line":94,"column":2}},"31":{"start":{"line":96,"column":25},"end":{"line":101,"column":2}},"32":{"start":{"line":96,"column":31},"end":{"line":101,"column":2}},"33":{"start":{"line":96,"column":41},"end":{"line":101,"column":2}},"34":{"start":{"line":109,"column":33},"end":{"line":112,"column":1}},"35":{"start":{"line":110,"column":13},"end":{"line":110,"column":32}},"36":{"start":{"line":111,"column":12},"end":{"line":111,"column":45}},"37":{"start":{"line":111,"column":31},"end":{"line":111,"column":44}},"38":{"start":{"line":115,"column":31},"end":{"line":118,"column":1}},"39":{"start":{"line":116,"column":13},"end":{"line":116,"column":32}},"40":{"start":{"line":117,"column":12},"end":{"line":117,"column":42}},"41":{"start":{"line":117,"column":31},"end":{"line":117,"column":41}},"42":{"start":{"line":121,"column":29},"end":{"line":124,"column":1}},"43":{"start":{"line":121,"column":39},"end":{"line":124,"column":1}},"44":{"start":{"line":122,"column":13},"end":{"line":122,"column":32}},"45":{"start":{"line":123,"column":12},"end":{"line":123,"column":53}},"46":{"start":{"line":123,"column":31},"end":{"line":123,"column":52}}},"fnMap":{"0":{"name":"(anonymous_0)","decl":{"start":{"line":15,"column":23},"end":{"line":15,"column":24}},"loc":{"start":{"line":15,"column":42},"end":{"line":17,"column":9}},"line":15},"1":{"name":"(anonymous_1)","decl":{"start":{"line":18,"column":27},"end":{"line":18,"column":28}},"loc":{"start":{"line":18,"column":45},"end":{"line":20,"column":9}},"line":18},"2":{"name":"(anonymous_2)","decl":{"start":{"line":21,"column":21},"end":{"line":21,"column":22}},"loc":{"start":{"line":21,"column":39},"end":{"line":25,"column":9}},"line":21},"3":{"name":"(anonymous_3)","decl":{"start":{"line":26,"column":27},"end":{"line":26,"column":28}},"loc":{"start":{"line":26,"column":45},"end":{"line":30,"column":9}},"line":26},"4":{"name":"(anonymous_4)","decl":{"start":{"line":28,"column":46},"end":{"line":28,"column":47}},"loc":{"start":{"line":28,"column":53},"end":{"line":28,"column":69}},"line":28},"5":{"name":"(anonymous_5)","decl":{"start":{"line":32,"column":18},"end":{"line":32,"column":19}},"loc":{"start":{"line":32,"column":36},"end":{"line":34,"column":9}},"line":32},"6":{"name":"(anonymous_6)","decl":{"start":{"line":36,"column":20},"end":{"line":36,"column":21}},"loc":{"start":{"line":36,"column":38},"end":{"line":39,"column":9}},"line":36},"7":{"name":"(anonymous_7)","decl":{"start":{"line":37,"column":46},"end":{"line":37,"column":47}},"loc":{"start":{"line":37,"column":53},"end":{"line":37,"column":81}},"line":37},"8":{"name":"(anonymous_8)","decl":{"start":{"line":42,"column":21},"end":{"line":42,"column":22}},"loc":{"start":{"line":42,"column":39},"end":{"line":45,"column":9}},"line":42},"9":{"name":"(anonymous_9)","decl":{"start":{"line":43,"column":46},"end":{"line":43,"column":47}},"loc":{"start":{"line":43,"column":53},"end":{"line":43,"column":81}},"line":43},"10":{"name":"(anonymous_10)","decl":{"start":{"line":63,"column":24},"end":{"line":63,"column":25}},"loc":{"start":{"line":63,"column":30},"end":{"line":80,"column":1}},"line":63},"11":{"name":"(anonymous_11)","decl":{"start":{"line":63,"column":30},"end":{"line":63,"column":31}},"loc":{"start":{"line":63,"column":54},"end":{"line":80,"column":1}},"line":63},"12":{"name":"(anonymous_12)","decl":{"start":{"line":82,"column":23},"end":{"line":82,"column":24}},"loc":{"start":{"line":82,"column":30},"end":{"line":87,"column":2}},"line":82},"13":{"name":"(anonymous_13)","decl":{"start":{"line":89,"column":26},"end":{"line":89,"column":27}},"loc":{"start":{"line":89,"column":32},"end":{"line":94,"column":2}},"line":89},"14":{"name":"(anonymous_14)","decl":{"start":{"line":96,"column":25},"end":{"line":96,"column":26}},"loc":{"start":{"line":96,"column":31},"end":{"line":101,"column":2}},"line":96},"15":{"name":"(anonymous_15)","decl":{"start":{"line":96,"column":31},"end":{"line":96,"column":32}},"loc":{"start":{"line":96,"column":41},"end":{"line":101,"column":2}},"line":96},"16":{"name":"(anonymous_16)","decl":{"start":{"line":110,"column":4},"end":{"line":110,"column":5}},"loc":{"start":{"line":110,"column":13},"end":{"line":110,"column":32}},"line":110},"17":{"name":"(anonymous_17)","decl":{"start":{"line":111,"column":4},"end":{"line":111,"column":5}},"loc":{"start":{"line":111,"column":12},"end":{"line":111,"column":45}},"line":111},"18":{"name":"(anonymous_18)","decl":{"start":{"line":111,"column":24},"end":{"line":111,"column":25}},"loc":{"start":{"line":111,"column":31},"end":{"line":111,"column":44}},"line":111},"19":{"name":"(anonymous_19)","decl":{"start":{"line":116,"column":4},"end":{"line":116,"column":5}},"loc":{"start":{"line":116,"column":13},"end":{"line":116,"column":32}},"line":116},"20":{"name":"(anonymous_20)","decl":{"start":{"line":117,"column":4},"end":{"line":117,"column":5}},"loc":{"start":{"line":117,"column":12},"end":{"line":117,"column":42}},"line":117},"21":{"name":"(anonymous_21)","decl":{"start":{"line":117,"column":24},"end":{"line":117,"column":25}},"loc":{"start":{"line":117,"column":31},"end":{"line":117,"column":41}},"line":117},"22":{"name":"(anonymous_22)","decl":{"start":{"line":121,"column":29},"end":{"line":121,"column":30}},"loc":{"start":{"line":121,"column":39},"end":{"line":124,"column":1}},"line":121},"23":{"name":"(anonymous_23)","decl":{"start":{"line":122,"column":4},"end":{"line":122,"column":5}},"loc":{"start":{"line":122,"column":13},"end":{"line":122,"column":32}},"line":122},"24":{"name":"(anonymous_24)","decl":{"start":{"line":123,"column":4},"end":{"line":123,"column":5}},"loc":{"start":{"line":123,"column":12},"end":{"line":123,"column":53}},"line":123},"25":{"name":"(anonymous_25)","decl":{"start":{"line":123,"column":24},"end":{"line":123,"column":25}},"loc":{"start":{"line":123,"column":31},"end":{"line":123,"column":52}},"line":123}},"branchMap":{"0":{"loc":{"start":{"line":70,"column":4},"end":{"line":70,"column":36}},"type":"if","locations":[{"start":{"line":70,"column":4},"end":{"line":70,"column":36}},{"start":{"line":70,"column":4},"end":{"line":70,"column":36}}],"line":70}},"s":{"0":1,"1":0,"2":0,"3":0,"4":0,"5":0,"6":0,"7":0,"8":0,"9":0,"10":1,"11":0,"12":0,"13":0,"14":0,"15":0,"16":0,"17":1,"18":1,"19":1,"20":0,"21":0,"22":0,"23":0,"24":0,"25":0,"26":0,"27":1,"28":2,"29":1,"30":0,"31":1,"32":0,"33":0,"34":1,"35":0,"36":0,"37":0,"38":1,"39":0,"40":0,"41":0,"42":1,"43":0,"44":0,"45":0,"46":0},"f":{"0":0,"1":0,"2":0,"3":0,"4":0,"5":1,"6":0,"7":0,"8":0,"9":0,"10":0,"11":0,"12":2,"13":0,"14":0,"15":0,"16":0,"17":0,"18":0,"19":0,"20":0,"21":0,"22":0,"23":0,"24":0,"25":0},"b":{"0":[0,0]},"_coverageSchema":"1a1c01bbd47fc00a2c39e90264f33305004495a9","hash":"87239aa2f8aea52d43ffbe324aa85f66c5d984a9"}
,"C:\\Users\\PC\\Desktop\\Redux\\redux-starter\\src\\store\\configureStore.js": {"path":"C:\\Users\\PC\\Desktop\\Redux\\redux-starter\\src\\store\\configureStore.js","statementMap":{"0":{"start":{"line":20,"column":4},"end":{"line":28,"column":6}}},"fnMap":{"0":{"name":"(anonymous_0)","decl":{"start":{"line":19,"column":15},"end":{"line":19,"column":16}},"loc":{"start":{"line":19,"column":26},"end":{"line":29,"column":1}},"line":19}},"branchMap":{},"s":{"0":2},"f":{"0":2},"b":{},"_coverageSchema":"1a1c01bbd47fc00a2c39e90264f33305004495a9","hash":"ae03ae795596f90921315cbee49997693be683a5"}
,"C:\\Users\\PC\\Desktop\\Redux\\redux-starter\\src\\store\\entities.js": {"path":"C:\\Users\\PC\\Desktop\\Redux\\redux-starter\\src\\store\\entities.js","statementMap":{},"fnMap":{},"branchMap":{},"s":{},"f":{},"b":{},"_coverageSchema":"1a1c01bbd47fc00a2c39e90264f33305004495a9","hash":"7aae2d59a2e71a348f8c6b7c9544a9fd6a7e19f1"}
,"C:\\Users\\PC\\Desktop\\Redux\\redux-starter\\src\\store\\projects.js": {"path":"C:\\Users\\PC\\Desktop\\Redux\\redux-starter\\src\\store\\projects.js","statementMap":{"0":{"start":{"line":3,"column":13},"end":{"line":3,"column":14}},"1":{"start":{"line":5,"column":14},"end":{"line":22,"column":2}},"2":{"start":{"line":11,"column":12},"end":{"line":14,"column":15}},"3":{"start":{"line":18,"column":26},"end":{"line":18,"column":89}},"4":{"start":{"line":18,"column":56},"end":{"line":18,"column":88}},"5":{"start":{"line":19,"column":12},"end":{"line":19,"column":41}},"6":{"start":{"line":24,"column":49},"end":{"line":24,"column":62}}},"fnMap":{"0":{"name":"(anonymous_0)","decl":{"start":{"line":10,"column":22},"end":{"line":10,"column":23}},"loc":{"start":{"line":10,"column":44},"end":{"line":15,"column":9}},"line":10},"1":{"name":"(anonymous_1)","decl":{"start":{"line":17,"column":24},"end":{"line":17,"column":25}},"loc":{"start":{"line":17,"column":46},"end":{"line":20,"column":9}},"line":17},"2":{"name":"(anonymous_2)","decl":{"start":{"line":18,"column":45},"end":{"line":18,"column":46}},"loc":{"start":{"line":18,"column":56},"end":{"line":18,"column":88}},"line":18}},"branchMap":{},"s":{"0":1,"1":1,"2":0,"3":0,"4":0,"5":0,"6":1},"f":{"0":0,"1":0,"2":0},"b":{},"_coverageSchema":"1a1c01bbd47fc00a2c39e90264f33305004495a9","hash":"c875a2da5f26b6a7e863f3706099e0431793ebdf"}
,"C:\\Users\\PC\\Desktop\\Redux\\redux-starter\\src\\store\\reducer.js": {"path":"C:\\Users\\PC\\Desktop\\Redux\\redux-starter\\src\\store\\reducer.js","statementMap":{},"fnMap":{},"branchMap":{},"s":{},"f":{},"b":{},"_coverageSchema":"1a1c01bbd47fc00a2c39e90264f33305004495a9","hash":"2f01b681ff60c35282be0e709c00b036155ac528"}
,"C:\\Users\\PC\\Desktop\\Redux\\redux-starter\\src\\store\\users.js": {"path":"C:\\Users\\PC\\Desktop\\Redux\\redux-starter\\src\\store\\users.js","statementMap":{"0":{"start":{"line":3,"column":13},"end":{"line":3,"column":14}},"1":{"start":{"line":5,"column":14},"end":{"line":17,"column":2}},"2":{"start":{"line":11,"column":12},"end":{"line":14,"column":15}},"3":{"start":{"line":19,"column":29},"end":{"line":19,"column":42}}},"fnMap":{"0":{"name":"(anonymous_0)","decl":{"start":{"line":10,"column":19},"end":{"line":10,"column":20}},"loc":{"start":{"line":10,"column":38},"end":{"line":15,"column":9}},"line":10}},"branchMap":{},"s":{"0":1,"1":1,"2":0,"3":1},"f":{"0":0},"b":{},"_coverageSchema":"1a1c01bbd47fc00a2c39e90264f33305004495a9","hash":"3674973e5b195ff0f57fc8d130f3b6fe5dd7f155"}
,"C:\\Users\\PC\\Desktop\\Redux\\redux-starter\\src\\store\\middleware\\api.js": {"path":"C:\\Users\\PC\\Desktop\\Redux\\redux-starter\\src\\store\\middleware\\api.js","statementMap":{"0":{"start":{"line":4,"column":12},"end":{"line":34,"column":1}},"1":{"start":{"line":4,"column":30},"end":{"line":34,"column":1}},"2":{"start":{"line":4,"column":38},"end":{"line":34,"column":1}},"3":{"start":{"line":5,"column":4},"end":{"line":5,"column":62}},"4":{"start":{"line":5,"column":43},"end":{"line":5,"column":62}},"5":{"start":{"line":7,"column":4},"end":{"line":7,"column":17}},"6":{"start":{"line":9,"column":63},"end":{"line":9,"column":77}},"7":{"start":{"line":11,"column":4},"end":{"line":12,"column":31}},"8":{"start":{"line":12,"column":4},"end":{"line":12,"column":31}},"9":{"start":{"line":13,"column":4},"end":{"line":31,"column":5}},"10":{"start":{"line":14,"column":25},"end":{"line":19,"column":10}},"11":{"start":{"line":22,"column":8},"end":{"line":22,"column":47}},"12":{"start":{"line":25,"column":8},"end":{"line":25,"column":75}},"13":{"start":{"line":25,"column":22},"end":{"line":25,"column":75}},"14":{"start":{"line":28,"column":8},"end":{"line":28,"column":38}},"15":{"start":{"line":30,"column":8},"end":{"line":30,"column":71}},"16":{"start":{"line":30,"column":20},"end":{"line":30,"column":71}}},"fnMap":{"0":{"name":"(anonymous_0)","decl":{"start":{"line":4,"column":12},"end":{"line":4,"column":13}},"loc":{"start":{"line":4,"column":30},"end":{"line":34,"column":1}},"line":4},"1":{"name":"(anonymous_1)","decl":{"start":{"line":4,"column":30},"end":{"line":4,"column":31}},"loc":{"start":{"line":4,"column":38},"end":{"line":34,"column":1}},"line":4},"2":{"name":"(anonymous_2)","decl":{"start":{"line":4,"column":38},"end":{"line":4,"column":39}},"loc":{"start":{"line":4,"column":54},"end":{"line":34,"column":1}},"line":4}},"branchMap":{"0":{"loc":{"start":{"line":5,"column":4},"end":{"line":5,"column":62}},"type":"if","locations":[{"start":{"line":5,"column":4},"end":{"line":5,"column":62}},{"start":{"line":5,"column":4},"end":{"line":5,"column":62}}],"line":5},"1":{"loc":{"start":{"line":11,"column":4},"end":{"line":12,"column":31}},"type":"if","locations":[{"start":{"line":11,"column":4},"end":{"line":12,"column":31}},{"start":{"line":11,"column":4},"end":{"line":12,"column":31}}],"line":11},"2":{"loc":{"start":{"line":25,"column":8},"end":{"line":25,"column":75}},"type":"if","locations":[{"start":{"line":25,"column":8},"end":{"line":25,"column":75}},{"start":{"line":25,"column":8},"end":{"line":25,"column":75}}],"line":25},"3":{"loc":{"start":{"line":30,"column":8},"end":{"line":30,"column":71}},"type":"if","locations":[{"start":{"line":30,"column":8},"end":{"line":30,"column":71}},{"start":{"line":30,"column":8},"end":{"line":30,"column":71}}],"line":30}},"s":{"0":1,"1":2,"2":2,"3":5,"4":3,"5":2,"6":2,"7":2,"8":0,"9":2,"10":2,"11":1,"12":1,"13":1,"14":1,"15":1,"16":0},"f":{"0":2,"1":2,"2":5},"b":{"0":[3,2],"1":[0,2],"2":[1,0],"3":[0,1]},"_coverageSchema":"1a1c01bbd47fc00a2c39e90264f33305004495a9","hash":"71feb42d335bf1e20d1dbaca0a6d58830299a4c8"}
,"C:\\Users\\PC\\Desktop\\Redux\\redux-starter\\src\\store\\middleware\\logger.js": {"path":"C:\\Users\\PC\\Desktop\\Redux\\redux-starter\\src\\store\\middleware\\logger.js","statementMap":{"0":{"start":{"line":2,"column":15},"end":{"line":5,"column":1}},"1":{"start":{"line":2,"column":24},"end":{"line":5,"column":1}},"2":{"start":{"line":2,"column":33},"end":{"line":5,"column":1}},"3":{"start":{"line":2,"column":41},"end":{"line":5,"column":1}},"4":{"start":{"line":3,"column":4},"end":{"line":3,"column":33}},"5":{"start":{"line":4,"column":4},"end":{"line":4,"column":23}}},"fnMap":{"0":{"name":"(anonymous_0)","decl":{"start":{"line":2,"column":15},"end":{"line":2,"column":16}},"loc":{"start":{"line":2,"column":24},"end":{"line":5,"column":1}},"line":2},"1":{"name":"(anonymous_1)","decl":{"start":{"line":2,"column":24},"end":{"line":2,"column":25}},"loc":{"start":{"line":2,"column":33},"end":{"line":5,"column":1}},"line":2},"2":{"name":"(anonymous_2)","decl":{"start":{"line":2,"column":33},"end":{"line":2,"column":34}},"loc":{"start":{"line":2,"column":41},"end":{"line":5,"column":1}},"line":2},"3":{"name":"(anonymous_3)","decl":{"start":{"line":2,"column":41},"end":{"line":2,"column":42}},"loc":{"start":{"line":2,"column":51},"end":{"line":5,"column":1}},"line":2}},"branchMap":{},"s":{"0":1,"1":2,"2":2,"3":2,"4":5,"5":5},"f":{"0":2,"1":2,"2":2,"3":5},"b":{},"_coverageSchema":"1a1c01bbd47fc00a2c39e90264f33305004495a9","hash":"7288db60cdc3f777324c16bfb03058ebabfb147a"}
,"C:\\Users\\PC\\Desktop\\Redux\\redux-starter\\src\\store\\middleware\\toast.js": {"path":"C:\\Users\\PC\\Desktop\\Redux\\redux-starter\\src\\store\\middleware\\toast.js","statementMap":{"0":{"start":{"line":1,"column":14},"end":{"line":6,"column":1}},"1":{"start":{"line":1,"column":23},"end":{"line":6,"column":1}},"2":{"start":{"line":1,"column":31},"end":{"line":6,"column":1}},"3":{"start":{"line":2,"column":4},"end":{"line":5,"column":27}},"4":{"start":{"line":3,"column":8},"end":{"line":3,"column":55}},"5":{"start":{"line":5,"column":8},"end":{"line":5,"column":27}}},"fnMap":{"0":{"name":"(anonymous_0)","decl":{"start":{"line":1,"column":14},"end":{"line":1,"column":15}},"loc":{"start":{"line":1,"column":23},"end":{"line":6,"column":1}},"line":1},"1":{"name":"(anonymous_1)","decl":{"start":{"line":1,"column":23},"end":{"line":1,"column":24}},"loc":{"start":{"line":1,"column":31},"end":{"line":6,"column":1}},"line":1},"2":{"name":"(anonymous_2)","decl":{"start":{"line":1,"column":31},"end":{"line":1,"column":32}},"loc":{"start":{"line":1,"column":41},"end":{"line":6,"column":1}},"line":1}},"branchMap":{"0":{"loc":{"start":{"line":2,"column":4},"end":{"line":5,"column":27}},"type":"if","locations":[{"start":{"line":2,"column":4},"end":{"line":5,"column":27}},{"start":{"line":2,"column":4},"end":{"line":5,"column":27}}],"line":2}},"s":{"0":1,"1":2,"2":2,"3":5,"4":0,"5":5},"f":{"0":2,"1":2,"2":5},"b":{"0":[0,5]},"_coverageSchema":"1a1c01bbd47fc00a2c39e90264f33305004495a9","hash":"669f3dd54a116a86a5df0b0f34e4474d6bedd41e"}
}
